<?xml version="1.0" encoding="UTF-8"?>
<testsuite xmlns:xsi="http://www.w3.org/2001/XMLSchema-instance" xsi:noNamespaceSchemaLocation="https://maven.apache.org/surefire/maven-surefire-plugin/xsd/surefire-test-report-3.0.xsd" version="3.0" name="com.yourname.AppTest" time="0.039" tests="1" errors="0" skipped="0" failures="0">
  <properties>
    <property name="java.specification.version" value="21"/>
    <property name="sun.jnu.encoding" value="UTF-8"/>
    <property name="java.class.path" value="/workspaces/ealge/EaglercraftCompat/target/test-classes:/workspaces/ealge/EaglercraftCompat/target/classes:/home/codespace/.m2/repository/org/spigotmc/spigot-api/1.8.8-R0.1-SNAPSHOT/spigot-api-1.8.8-R0.1-SNAPSHOT.jar:/home/codespace/.m2/repository/commons-lang/commons-lang/2.6/commons-lang-2.6.jar:/home/codespace/.m2/repository/com/googlecode/json-simple/json-simple/1.1.1/json-simple-1.1.1.jar:/home/codespace/.m2/repository/junit/junit/4.10/junit-4.10.jar:/home/codespace/.m2/repository/org/hamcrest/hamcrest-core/1.1/hamcrest-core-1.1.jar:/home/codespace/.m2/repository/com/google/guava/guava/17.0/guava-17.0.jar:/home/codespace/.m2/repository/com/google/code/gson/gson/2.2.4/gson-2.2.4.jar:/home/codespace/.m2/repository/org/avaje/ebean/2.8.1/ebean-2.8.1.jar:/home/codespace/.m2/repository/javax/persistence/persistence-api/1.0/persistence-api-1.0.jar:/home/codespace/.m2/repository/org/yaml/snakeyaml/1.15/snakeyaml-1.15.jar:/home/codespace/.m2/repository/net/md-5/bungeecord-chat/1.8-SNAPSHOT/bungeecord-chat-1.8-SNAPSHOT.jar:"/>
    <property name="java.vm.vendor" value="Microsoft"/>
    <property name="sun.arch.data.model" value="64"/>
    <property name="java.vendor.url" value="https://www.microsoft.com"/>
    <property name="os.name" value="Linux"/>
    <property name="java.vm.specification.version" value="21"/>
    <property name="sun.java.launcher" value="SUN_STANDARD"/>
    <property name="sun.boot.library.path" value="/usr/local/sdkman/candidates/java/21.0.5-ms/lib"/>
    <property name="sun.java.command" value="/workspaces/ealge/EaglercraftCompat/target/surefire/surefirebooter-20250210163452793_3.jar /workspaces/ealge/EaglercraftCompat/target/surefire 2025-02-10T16-34-52_588-jvmRun1 surefire-20250210163452793_1tmp surefire_0-20250210163452793_2tmp"/>
    <property name="jdk.debug" value="release"/>
    <property name="surefire.test.class.path" value="/workspaces/ealge/EaglercraftCompat/target/test-classes:/workspaces/ealge/EaglercraftCompat/target/classes:/home/codespace/.m2/repository/org/spigotmc/spigot-api/1.8.8-R0.1-SNAPSHOT/spigot-api-1.8.8-R0.1-SNAPSHOT.jar:/home/codespace/.m2/repository/commons-lang/commons-lang/2.6/commons-lang-2.6.jar:/home/codespace/.m2/repository/com/googlecode/json-simple/json-simple/1.1.1/json-simple-1.1.1.jar:/home/codespace/.m2/repository/junit/junit/4.10/junit-4.10.jar:/home/codespace/.m2/repository/org/hamcrest/hamcrest-core/1.1/hamcrest-core-1.1.jar:/home/codespace/.m2/repository/com/google/guava/guava/17.0/guava-17.0.jar:/home/codespace/.m2/repository/com/google/code/gson/gson/2.2.4/gson-2.2.4.jar:/home/codespace/.m2/repository/org/avaje/ebean/2.8.1/ebean-2.8.1.jar:/home/codespace/.m2/repository/javax/persistence/persistence-api/1.0/persistence-api-1.0.jar:/home/codespace/.m2/repository/org/yaml/snakeyaml/1.15/snakeyaml-1.15.jar:/home/codespace/.m2/repository/net/md-5/bungeecord-chat/1.8-SNAPSHOT/bungeecord-chat-1.8-SNAPSHOT.jar:"/>
    <property name="sun.cpu.endian" value="little"/>
    <property name="user.home" value="/home/codespace"/>
    <property name="user.language" value="en"/>
    <property name="java.specification.vendor" value="Oracle Corporation"/>
    <property name="java.version.date" value="2024-10-15"/>
    <property name="java.home" value="/usr/local/sdkman/candidates/java/21.0.5-ms"/>
    <property name="file.separator" value="/"/>
    <property name="basedir" value="/workspaces/ealge/EaglercraftCompat"/>
    <property name="java.vm.compressedOopsMode" value="32-bit"/>
    <property name="line.separator" value="&#10;"/>
    <property name="java.specification.name" value="Java Platform API Specification"/>
    <property name="java.vm.specification.vendor" value="Oracle Corporation"/>
    <property name="surefire.real.class.path" value="/workspaces/ealge/EaglercraftCompat/target/surefire/surefirebooter-20250210163452793_3.jar"/>
    <property name="sun.management.compiler" value="HotSpot 64-Bit Tiered Compilers"/>
    <property name="java.runtime.version" value="21.0.5+11-LTS"/>
    <property name="user.name" value="codespace"/>
    <property name="stdout.encoding" value="UTF-8"/>
    <property name="path.separator" value=":"/>
    <property name="os.version" value="6.5.0-1025-azure"/>
    <property name="java.runtime.name" value="OpenJDK Runtime Environment"/>
    <property name="file.encoding" value="UTF-8"/>
    <property name="java.vm.name" value="OpenJDK 64-Bit Server VM"/>
    <property name="java.vendor.version" value="Microsoft-10376803"/>
    <property name="localRepository" value="/home/codespace/.m2/repository"/>
    <property name="java.vendor.url.bug" value="https://github.com/microsoft/openjdk/issues"/>
    <property name="java.io.tmpdir" value="/tmp"/>
    <property name="java.version" value="21.0.5"/>
    <property name="user.dir" value="/workspaces/ealge/EaglercraftCompat"/>
    <property name="os.arch" value="amd64"/>
    <property name="java.vm.specification.name" value="Java Virtual Machine Specification"/>
    <property name="native.encoding" value="UTF-8"/>
    <property name="java.library.path" value="/usr/java/packages/lib:/usr/lib64:/lib64:/lib:/usr/lib"/>
    <property name="java.vm.info" value="mixed mode, sharing"/>
    <property name="stderr.encoding" value="UTF-8"/>
    <property name="java.vendor" value="Microsoft"/>
    <property name="java.vm.version" value="21.0.5+11-LTS"/>
    <property name="sun.io.unicode.encoding" value="UnicodeLittle"/>
    <property name="java.class.version" value="65.0"/>
  </properties>
  <testcase name="testApp" classname="com.yourname.AppTest" time="0.0"/>
</testsuite>